# JRE version: Java(TM) SE Runtime Environment (8.0_91-b15) (build 1.8.0_91-b15)
# Java VM: Java HotSpot(TM) 64-Bit Server VM (25.91-b15 mixed mode windows-amd64 compressed oops)
Heap:
 PSYoungGen      total 323072K, used 276185K [0x00000000eab00000, 0x00000000ffe80000, 0x0000000100000000)
  eden space 300544K, 87% used [0x00000000eab00000,0x00000000faba8ad8,0x00000000fd080000)
  from space 22528K, 59% used [0x00000000fe880000,0x00000000ff58dac8,0x00000000ffe80000)
  to   space 23552K, 0% used [0x00000000fd080000,0x00000000fd080000,0x00000000fe780000)
 ParOldGen       total 158720K, used 96759K [0x00000000c0000000, 0x00000000c9b00000, 0x00000000eab00000)
  object space 158720K, 60% used [0x00000000c0000000,0x00000000c5e7df98,0x00000000c9b00000)
 Metaspace       used 84265K, capacity 94946K, committed 95232K, reserved 1130496K
  class space    used 10507K, capacity 13779K, committed 13824K, reserved 1048576K
GC Heap History (10 events):
Event: 15.334 GC heap before
{Heap before GC invocations=25 (full 4):
 PSYoungGen      total 308224K, used 304044K [0x00000000eab00000, 0x00000000fef00000, 0x0000000100000000)
  eden space 288768K, 100% used [0x00000000eab00000,0x00000000fc500000,0x00000000fc500000)
  from space 19456K, 78% used [0x00000000fdc00000,0x00000000feaeb098,0x00000000fef00000)
  to   space 21504K, 0% used [0x00000000fc500000,0x00000000fc500000,0x00000000fda00000)
 ParOldGen       total 102912K, used 54568K [0x00000000c0000000, 0x00000000c6480000, 0x00000000eab00000)
  object space 102912K, 53% used [0x00000000c0000000,0x00000000c354a0f0,0x00000000c6480000)
 Metaspace       used 68068K, capacity 77404K, committed 77568K, reserved 1116160K
  class space    used 8591K, capacity 11416K, committed 11520K, reserved 1048576K
Event: 15.360 GC heap after
Heap after GC invocations=25 (full 4):
 PSYoungGen      total 310272K, used 17794K [0x00000000eab00000, 0x0000000100000000, 0x0000000100000000)
  eden space 288768K, 0% used [0x00000000eab00000,0x00000000eab00000,0x00000000fc500000)
  from space 21504K, 82% used [0x00000000fc500000,0x00000000fd660ac0,0x00000000fda00000)
  to   space 23552K, 0% used [0x00000000fe900000,0x00000000fe900000,0x0000000100000000)
 ParOldGen       total 102912K, used 66526K [0x00000000c0000000, 0x00000000c6480000, 0x00000000eab00000)
  object space 102912K, 64% used [0x00000000c0000000,0x00000000c40f7a88,0x00000000c6480000)
 Metaspace       used 68068K, capacity 77404K, committed 77568K, reserved 1116160K
  class space    used 8591K, capacity 11416K, committed 11520K, reserved 1048576K
}
Event: 16.627 GC heap before
{Heap before GC invocations=26 (full 4):
 PSYoungGen      total 310272K, used 306562K [0x00000000eab00000, 0x0000000100000000, 0x0000000100000000)
  eden space 288768K, 100% used [0x00000000eab00000,0x00000000fc500000,0x00000000fc500000)
  from space 21504K, 82% used [0x00000000fc500000,0x00000000fd660ac0,0x00000000fda00000)
  to   space 23552K, 0% used [0x00000000fe900000,0x00000000fe900000,0x0000000100000000)
 ParOldGen       total 102912K, used 66526K [0x00000000c0000000, 0x00000000c6480000, 0x00000000eab00000)
  object space 102912K, 64% used [0x00000000c0000000,0x00000000c40f7a88,0x00000000c6480000)
 Metaspace       used 73898K, capacity 83568K, committed 83712K, reserved 1120256K
  class space    used 9394K, capacity 12425K, committed 12544K, reserved 1048576K
Event: 16.662 GC heap after
Heap after GC invocations=26 (full 4):
 PSYoungGen      total 323584K, used 15005K [0x00000000eab00000, 0x0000000100000000, 0x0000000100000000)
  eden space 300032K, 0% used [0x00000000eab00000,0x00000000eab00000,0x00000000fd000000)
  from space 23552K, 63% used [0x00000000fe900000,0x00000000ff7a74b0,0x0000000100000000)
  to   space 24576K, 0% used [0x00000000fd000000,0x00000000fd000000,0x00000000fe800000)
 ParOldGen       total 102912K, used 82399K [0x00000000c0000000, 0x00000000c6480000, 0x00000000eab00000)
  object space 102912K, 80% used [0x00000000c0000000,0x00000000c5077da8,0x00000000c6480000)
 Metaspace       used 73898K, capacity 83568K, committed 83712K, reserved 1120256K
  class space    used 9394K, capacity 12425K, committed 12544K, reserved 1048576K
}
Event: 18.122 GC heap before
{Heap before GC invocations=27 (full 4):
 PSYoungGen      total 323584K, used 315037K [0x00000000eab00000, 0x0000000100000000, 0x0000000100000000)
  eden space 300032K, 100% used [0x00000000eab00000,0x00000000fd000000,0x00000000fd000000)
  from space 23552K, 63% used [0x00000000fe900000,0x00000000ff7a74b0,0x0000000100000000)
  to   space 24576K, 0% used [0x00000000fd000000,0x00000000fd000000,0x00000000fe800000)
 ParOldGen       total 102912K, used 82399K [0x00000000c0000000, 0x00000000c6480000, 0x00000000eab00000)
  object space 102912K, 80% used [0x00000000c0000000,0x00000000c5077da8,0x00000000c6480000)
 Metaspace       used 77567K, capacity 87870K, committed 88192K, reserved 1124352K
  class space    used 9851K, capacity 13064K, committed 13184K, reserved 1048576K
Event: 18.140 GC heap after
Heap after GC invocations=27 (full 4):
 PSYoungGen      total 324608K, used 12284K [0x00000000eab00000, 0x0000000100000000, 0x0000000100000000)
  eden space 300032K, 0% used [0x00000000eab00000,0x00000000eab00000,0x00000000fd000000)
  from space 24576K, 49% used [0x00000000fd000000,0x00000000fdbff2c8,0x00000000fe800000)
  to   space 24064K, 0% used [0x00000000fe880000,0x00000000fe880000,0x0000000100000000)
 ParOldGen       total 102912K, used 94482K [0x00000000c0000000, 0x00000000c6480000, 0x00000000eab00000)
  object space 102912K, 91% used [0x00000000c0000000,0x00000000c5c448e8,0x00000000c6480000)
 Metaspace       used 77567K, capacity 87870K, committed 88192K, reserved 1124352K
  class space    used 9851K, capacity 13064K, committed 13184K, reserved 1048576K
}
Event: 18.140 GC heap before
{Heap before GC invocations=28 (full 5):
 PSYoungGen      total 324608K, used 12284K [0x00000000eab00000, 0x0000000100000000, 0x0000000100000000)
  eden space 300032K, 0% used [0x00000000eab00000,0x00000000eab00000,0x00000000fd000000)
  from space 24576K, 49% used [0x00000000fd000000,0x00000000fdbff2c8,0x00000000fe800000)
  to   space 24064K, 0% used [0x00000000fe880000,0x00000000fe880000,0x0000000100000000)
 ParOldGen       total 102912K, used 94482K [0x00000000c0000000, 0x00000000c6480000, 0x00000000eab00000)
  object space 102912K, 91% used [0x00000000c0000000,0x00000000c5c448e8,0x00000000c6480000)
 Metaspace       used 77567K, capacity 87870K, committed 88192K, reserved 1124352K
  class space    used 9851K, capacity 13064K, committed 13184K, reserved 1048576K
Event: 18.321 GC heap after
Heap after GC invocations=28 (full 5):
 PSYoungGen      total 324608K, used 0K [0x00000000eab00000, 0x0000000100000000, 0x0000000100000000)
  eden space 300032K, 0% used [0x00000000eab00000,0x00000000eab00000,0x00000000fd000000)
  from space 24576K, 0% used [0x00000000fd000000,0x00000000fd000000,0x00000000fe800000)
  to   space 24064K, 0% used [0x00000000fe880000,0x00000000fe880000,0x0000000100000000)
 ParOldGen       total 158720K, used 96751K [0x00000000c0000000, 0x00000000c9b00000, 0x00000000eab00000)
  object space 158720K, 60% used [0x00000000c0000000,0x00000000c5e7bf98,0x00000000c9b00000)
 Metaspace       used 77567K, capacity 87870K, committed 88192K, reserved 1124352K
  class space    used 9851K, capacity 13064K, committed 13184K, reserved 1048576K
}
Event: 34.584 GC heap before
{Heap before GC invocations=29 (full 5):
 PSYoungGen      total 324608K, used 299956K [0x00000000eab00000, 0x0000000100000000, 0x0000000100000000)
  eden space 300032K, 99% used [0x00000000eab00000,0x00000000fcfed048,0x00000000fd000000)
  from space 24576K, 0% used [0x00000000fd000000,0x00000000fd000000,0x00000000fe800000)
  to   space 24064K, 0% used [0x00000000fe880000,0x00000000fe880000,0x0000000100000000)
 ParOldGen       total 158720K, used 96751K [0x00000000c0000000, 0x00000000c9b00000, 0x00000000eab00000)
  object space 158720K, 60% used [0x00000000c0000000,0x00000000c5e7bf98,0x00000000c9b00000)
 Metaspace       used 84108K, capacity 94582K, committed 94720K, reserved 1130496K
  class space    used 10502K, capacity 13745K, committed 13824K, reserved 1048576K
Event: 34.597 GC heap after
Heap after GC invocations=29 (full 5):
 PSYoungGen      total 323072K, used 13366K [0x00000000eab00000, 0x00000000ffe80000, 0x0000000100000000)
  eden space 300544K, 0% used [0x00000000eab00000,0x00000000eab00000,0x00000000fd080000)
  from space 22528K, 59% used [0x00000000fe880000,0x00000000ff58dac8,0x00000000ffe80000)
  to   space 23552K, 0% used [0x00000000fd080000,0x00000000fd080000,0x00000000fe780000)
 ParOldGen       total 158720K, used 96759K [0x00000000c0000000, 0x00000000c9b00000, 0x00000000eab00000)
  object space 158720K, 60% used [0x00000000c0000000,0x00000000c5e7df98,0x00000000c9b00000)
 Metaspace       used 84108K, capacity 94582K, committed 94720K, reserved 1130496K
  class space    used 10502K, capacity 13745K, committed 13824K, reserved 1048576K
}

