# JRE version: Java(TM) SE Runtime Environment (8.0_91-b15) (build 1.8.0_91-b15)
# Java VM: Java HotSpot(TM) 64-Bit Server VM (25.91-b15 mixed mode windows-amd64 compressed oops)
Heap:
 PSYoungGen      total 302080K, used 226164K [0x00000000eab00000, 0x0000000100000000, 0x0000000100000000)
  eden space 278528K, 72% used [0x00000000eab00000,0x00000000f713ec88,0x00000000fbb00000)
  from space 23552K, 98% used [0x00000000fbb00000,0x00000000fd19e520,0x00000000fd200000)
  to   space 36864K, 0% used [0x00000000fdc00000,0x00000000fdc00000,0x0000000100000000)
 ParOldGen       total 108544K, used 89397K [0x00000000c0000000, 0x00000000c6a00000, 0x00000000eab00000)
  object space 108544K, 82% used [0x00000000c0000000,0x00000000c574d488,0x00000000c6a00000)
 Metaspace       used 81088K, capacity 91450K, committed 91508K, reserved 1128448K
  class space    used 10185K, capacity 13391K, committed 13440K, reserved 1048576K
GC Heap History (10 events):
Event: 14.106 GC heap before
{Heap before GC invocations=23 (full 4):
 PSYoungGen      total 252416K, used 238592K [0x00000000eab00000, 0x00000000fc100000, 0x0000000100000000)
  eden space 238592K, 100% used [0x00000000eab00000,0x00000000f9400000,0x00000000f9400000)
  from space 13824K, 0% used [0x00000000fa700000,0x00000000fa700000,0x00000000fb480000)
  to   space 19456K, 0% used [0x00000000f9400000,0x00000000f9400000,0x00000000fa700000)
 ParOldGen       total 108544K, used 52942K [0x00000000c0000000, 0x00000000c6a00000, 0x00000000eab00000)
  object space 108544K, 48% used [0x00000000c0000000,0x00000000c33b3808,0x00000000c6a00000)
 Metaspace       used 60946K, capacity 69568K, committed 69748K, reserved 1107968K
  class space    used 7709K, capacity 10292K, committed 10368K, reserved 1048576K
Event: 14.129 GC heap after
Heap after GC invocations=23 (full 4):
 PSYoungGen      total 258048K, used 12410K [0x00000000eab00000, 0x00000000fd580000, 0x0000000100000000)
  eden space 238592K, 0% used [0x00000000eab00000,0x00000000eab00000,0x00000000f9400000)
  from space 19456K, 63% used [0x00000000f9400000,0x00000000fa01e9c0,0x00000000fa700000)
  to   space 19968K, 0% used [0x00000000fc200000,0x00000000fc200000,0x00000000fd580000)
 ParOldGen       total 108544K, used 52950K [0x00000000c0000000, 0x00000000c6a00000, 0x00000000eab00000)
  object space 108544K, 48% used [0x00000000c0000000,0x00000000c33b5808,0x00000000c6a00000)
 Metaspace       used 60946K, capacity 69568K, committed 69748K, reserved 1107968K
  class space    used 7709K, capacity 10292K, committed 10368K, reserved 1048576K
}
Event: 15.265 GC heap before
{Heap before GC invocations=24 (full 4):
 PSYoungGen      total 258048K, used 251002K [0x00000000eab00000, 0x00000000fd580000, 0x0000000100000000)
  eden space 238592K, 100% used [0x00000000eab00000,0x00000000f9400000,0x00000000f9400000)
  from space 19456K, 63% used [0x00000000f9400000,0x00000000fa01e9c0,0x00000000fa700000)
  to   space 19968K, 0% used [0x00000000fc200000,0x00000000fc200000,0x00000000fd580000)
 ParOldGen       total 108544K, used 52950K [0x00000000c0000000, 0x00000000c6a00000, 0x00000000eab00000)
  object space 108544K, 48% used [0x00000000c0000000,0x00000000c33b5808,0x00000000c6a00000)
 Metaspace       used 67541K, capacity 76754K, committed 76916K, reserved 1114112K
  class space    used 8520K, capacity 11296K, committed 11392K, reserved 1048576K
Event: 15.294 GC heap after
Heap after GC invocations=24 (full 4):
 PSYoungGen      total 280064K, used 19957K [0x00000000eab00000, 0x00000000fe400000, 0x0000000100000000)
  eden space 260096K, 0% used [0x00000000eab00000,0x00000000eab00000,0x00000000fa900000)
  from space 19968K, 99% used [0x00000000fc200000,0x00000000fd57d6e0,0x00000000fd580000)
  to   space 25600K, 0% used [0x00000000fa900000,0x00000000fa900000,0x00000000fc200000)
 ParOldGen       total 108544K, used 59523K [0x00000000c0000000, 0x00000000c6a00000, 0x00000000eab00000)
  object space 108544K, 54% used [0x00000000c0000000,0x00000000c3a20fd0,0x00000000c6a00000)
 Metaspace       used 67541K, capacity 76754K, committed 76916K, reserved 1114112K
  class space    used 8520K, capacity 11296K, committed 11392K, reserved 1048576K
}
Event: 16.561 GC heap before
{Heap before GC invocations=25 (full 4):
 PSYoungGen      total 280064K, used 280053K [0x00000000eab00000, 0x00000000fe400000, 0x0000000100000000)
  eden space 260096K, 100% used [0x00000000eab00000,0x00000000fa900000,0x00000000fa900000)
  from space 19968K, 99% used [0x00000000fc200000,0x00000000fd57d6e0,0x00000000fd580000)
  to   space 25600K, 0% used [0x00000000fa900000,0x00000000fa900000,0x00000000fc200000)
 ParOldGen       total 108544K, used 59523K [0x00000000c0000000, 0x00000000c6a00000, 0x00000000eab00000)
  object space 108544K, 54% used [0x00000000c0000000,0x00000000c3a20fd0,0x00000000c6a00000)
 Metaspace       used 73867K, capacity 83608K, committed 83956K, reserved 1120256K
  class space    used 9375K, capacity 12423K, committed 12544K, reserved 1048576K
Event: 16.591 GC heap after
Heap after GC invocations=25 (full 4):
 PSYoungGen      total 285696K, used 25499K [0x00000000eab00000, 0x0000000100000000, 0x0000000100000000)
  eden space 260096K, 0% used [0x00000000eab00000,0x00000000eab00000,0x00000000fa900000)
  from space 25600K, 99% used [0x00000000fa900000,0x00000000fc1e6cb8,0x00000000fc200000)
  to   space 30208K, 0% used [0x00000000fe280000,0x00000000fe280000,0x0000000100000000)
 ParOldGen       total 108544K, used 66744K [0x00000000c0000000, 0x00000000c6a00000, 0x00000000eab00000)
  object space 108544K, 61% used [0x00000000c0000000,0x00000000c412e228,0x00000000c6a00000)
 Metaspace       used 73867K, capacity 83608K, committed 83956K, reserved 1120256K
  class space    used 9375K, capacity 12423K, committed 12544K, reserved 1048576K
}
Event: 17.196 GC heap before
{Heap before GC invocations=26 (full 4):
 PSYoungGen      total 285696K, used 285595K [0x00000000eab00000, 0x0000000100000000, 0x0000000100000000)
  eden space 260096K, 100% used [0x00000000eab00000,0x00000000fa900000,0x00000000fa900000)
  from space 25600K, 99% used [0x00000000fa900000,0x00000000fc1e6cb8,0x00000000fc200000)
  to   space 30208K, 0% used [0x00000000fe280000,0x00000000fe280000,0x0000000100000000)
 ParOldGen       total 108544K, used 66744K [0x00000000c0000000, 0x00000000c6a00000, 0x00000000eab00000)
  object space 108544K, 61% used [0x00000000c0000000,0x00000000c412e228,0x00000000c6a00000)
 Metaspace       used 75588K, capacity 85682K, committed 85748K, reserved 1122304K
  class space    used 9604K, capacity 12768K, committed 12800K, reserved 1048576K
Event: 17.222 GC heap after
Heap after GC invocations=26 (full 4):
 PSYoungGen      total 308736K, used 30192K [0x00000000eab00000, 0x0000000100000000, 0x0000000100000000)
  eden space 278528K, 0% used [0x00000000eab00000,0x00000000eab00000,0x00000000fbb00000)
  from space 30208K, 99% used [0x00000000fe280000,0x00000000ffffc048,0x0000000100000000)
  to   space 35328K, 0% used [0x00000000fbb00000,0x00000000fbb00000,0x00000000fdd80000)
 ParOldGen       total 108544K, used 67146K [0x00000000c0000000, 0x00000000c6a00000, 0x00000000eab00000)
  object space 108544K, 61% used [0x00000000c0000000,0x00000000c4192ac0,0x00000000c6a00000)
 Metaspace       used 75588K, capacity 85682K, committed 85748K, reserved 1122304K
  class space    used 9604K, capacity 12768K, committed 12800K, reserved 1048576K
}
Event: 36.817 GC heap before
{Heap before GC invocations=27 (full 4):
 PSYoungGen      total 308736K, used 307604K [0x00000000eab00000, 0x0000000100000000, 0x0000000100000000)
  eden space 278528K, 99% used [0x00000000eab00000,0x00000000fb9e9048,0x00000000fbb00000)
  from space 30208K, 99% used [0x00000000fe280000,0x00000000ffffc048,0x0000000100000000)
  to   space 35328K, 0% used [0x00000000fbb00000,0x00000000fbb00000,0x00000000fdd80000)
 ParOldGen       total 108544K, used 67146K [0x00000000c0000000, 0x00000000c6a00000, 0x00000000eab00000)
  object space 108544K, 61% used [0x00000000c0000000,0x00000000c4192ac0,0x00000000c6a00000)
 Metaspace       used 81018K, capacity 91374K, committed 91508K, reserved 1128448K
  class space    used 10180K, capacity 13389K, committed 13440K, reserved 1048576K
Event: 36.872 GC heap after
Heap after GC invocations=27 (full 4):
 PSYoungGen      total 302080K, used 23161K [0x00000000eab00000, 0x0000000100000000, 0x0000000100000000)
  eden space 278528K, 0% used [0x00000000eab00000,0x00000000eab00000,0x00000000fbb00000)
  from space 23552K, 98% used [0x00000000fbb00000,0x00000000fd19e520,0x00000000fd200000)
  to   space 36864K, 0% used [0x00000000fdc00000,0x00000000fdc00000,0x0000000100000000)
 ParOldGen       total 108544K, used 89397K [0x00000000c0000000, 0x00000000c6a00000, 0x00000000eab00000)
  object space 108544K, 82% used [0x00000000c0000000,0x00000000c574d488,0x00000000c6a00000)
 Metaspace       used 81018K, capacity 91374K, committed 91508K, reserved 1128448K
  class space    used 10180K, capacity 13389K, committed 13440K, reserved 1048576K
}

