# JRE version: Java(TM) SE Runtime Environment (8.0_91-b15) (build 1.8.0_91-b15)
# Java VM: Java HotSpot(TM) 64-Bit Server VM (25.91-b15 mixed mode windows-amd64 compressed oops)
Heap:
 PSYoungGen      total 291328K, used 116379K [0x00000000eab00000, 0x0000000100000000, 0x0000000100000000)
  eden space 229376K, 41% used [0x00000000eab00000,0x00000000f075cad8,0x00000000f8b00000)
  from space 61952K, 35% used [0x00000000fc380000,0x00000000fd8ca428,0x0000000100000000)
  to   space 57856K, 0% used [0x00000000f8b00000,0x00000000f8b00000,0x00000000fc380000)
 ParOldGen       total 203264K, used 148728K [0x00000000c0000000, 0x00000000cc680000, 0x00000000eab00000)
  object space 203264K, 73% used [0x00000000c0000000,0x00000000c913e130,0x00000000cc680000)
 Metaspace       used 79990K, capacity 90376K, committed 90612K, reserved 1126400K
  class space    used 10006K, capacity 13222K, committed 13300K, reserved 1048576K
GC Heap History (10 events):
Event: 100.240 GC heap before
{Heap before GC invocations=27 (full 4):
 PSYoungGen      total 301568K, used 301539K [0x00000000eab00000, 0x0000000100000000, 0x0000000100000000)
  eden space 271360K, 100% used [0x00000000eab00000,0x00000000fb400000,0x00000000fb400000)
  from space 30208K, 99% used [0x00000000fdd80000,0x00000000ffaf8f50,0x00000000ffb00000)
  to   space 38912K, 0% used [0x00000000fb400000,0x00000000fb400000,0x00000000fda00000)
 ParOldGen       total 112128K, used 73282K [0x00000000c0000000, 0x00000000c6d80000, 0x00000000eab00000)
  object space 112128K, 65% used [0x00000000c0000000,0x00000000c4790838,0x00000000c6d80000)
 Metaspace       used 78131K, capacity 88382K, committed 88564K, reserved 1124352K
  class space    used 9797K, capacity 12990K, committed 13044K, reserved 1048576K
Event: 100.269 GC heap after
Heap after GC invocations=27 (full 4):
 PSYoungGen      total 310272K, used 14468K [0x00000000eab00000, 0x0000000100000000, 0x0000000100000000)
  eden space 271360K, 0% used [0x00000000eab00000,0x00000000eab00000,0x00000000fb400000)
  from space 38912K, 37% used [0x00000000fb400000,0x00000000fc2211e8,0x00000000fda00000)
  to   space 36352K, 0% used [0x00000000fdc80000,0x00000000fdc80000,0x0000000100000000)
 ParOldGen       total 112128K, used 92650K [0x00000000c0000000, 0x00000000c6d80000, 0x00000000eab00000)
  object space 112128K, 82% used [0x00000000c0000000,0x00000000c5a7aab8,0x00000000c6d80000)
 Metaspace       used 78131K, capacity 88382K, committed 88564K, reserved 1124352K
  class space    used 9797K, capacity 12990K, committed 13044K, reserved 1048576K
}
Event: 111.400 GC heap before
{Heap before GC invocations=28 (full 4):
 PSYoungGen      total 310272K, used 280751K [0x00000000eab00000, 0x0000000100000000, 0x0000000100000000)
  eden space 271360K, 98% used [0x00000000eab00000,0x00000000faf0ad50,0x00000000fb400000)
  from space 38912K, 37% used [0x00000000fb400000,0x00000000fc2211e8,0x00000000fda00000)
  to   space 36352K, 0% used [0x00000000fdc80000,0x00000000fdc80000,0x0000000100000000)
 ParOldGen       total 112128K, used 92650K [0x00000000c0000000, 0x00000000c6d80000, 0x00000000eab00000)
  object space 112128K, 82% used [0x00000000c0000000,0x00000000c5a7aab8,0x00000000c6d80000)
 Metaspace       used 79798K, capacity 90236K, committed 90356K, reserved 1126400K
  class space    used 10001K, capacity 13220K, committed 13300K, reserved 1048576K
Event: 111.426 GC heap after
Heap after GC invocations=28 (full 4):
 PSYoungGen      total 273920K, used 36329K [0x00000000eab00000, 0x0000000100000000, 0x0000000100000000)
  eden space 237568K, 0% used [0x00000000eab00000,0x00000000eab00000,0x00000000f9300000)
  from space 36352K, 99% used [0x00000000fdc80000,0x00000000ffffa5b0,0x0000000100000000)
  to   space 55808K, 0% used [0x00000000f9300000,0x00000000f9300000,0x00000000fc980000)
 ParOldGen       total 128512K, used 128497K [0x00000000c0000000, 0x00000000c7d80000, 0x00000000eab00000)
  object space 128512K, 99% used [0x00000000c0000000,0x00000000c7d7c4e0,0x00000000c7d80000)
 Metaspace       used 79798K, capacity 90236K, committed 90356K, reserved 1126400K
  class space    used 10001K, capacity 13220K, committed 13300K, reserved 1048576K
}
Event: 111.426 GC heap before
{Heap before GC invocations=29 (full 5):
 PSYoungGen      total 273920K, used 36329K [0x00000000eab00000, 0x0000000100000000, 0x0000000100000000)
  eden space 237568K, 0% used [0x00000000eab00000,0x00000000eab00000,0x00000000f9300000)
  from space 36352K, 99% used [0x00000000fdc80000,0x00000000ffffa5b0,0x0000000100000000)
  to   space 55808K, 0% used [0x00000000f9300000,0x00000000f9300000,0x00000000fc980000)
 ParOldGen       total 128512K, used 128497K [0x00000000c0000000, 0x00000000c7d80000, 0x00000000eab00000)
  object space 128512K, 99% used [0x00000000c0000000,0x00000000c7d7c4e0,0x00000000c7d80000)
 Metaspace       used 79798K, capacity 90236K, committed 90356K, reserved 1126400K
  class space    used 10001K, capacity 13220K, committed 13300K, reserved 1048576K
Event: 111.659 GC heap after
Heap after GC invocations=29 (full 5):
 PSYoungGen      total 273920K, used 17684K [0x00000000eab00000, 0x0000000100000000, 0x0000000100000000)
  eden space 237568K, 0% used [0x00000000eab00000,0x00000000eab00000,0x00000000f9300000)
  from space 36352K, 48% used [0x00000000fdc80000,0x00000000fedc5310,0x0000000100000000)
  to   space 55808K, 0% used [0x00000000f9300000,0x00000000f9300000,0x00000000fc980000)
 ParOldGen       total 203264K, used 116288K [0x00000000c0000000, 0x00000000cc680000, 0x00000000eab00000)
  object space 203264K, 57% used [0x00000000c0000000,0x00000000c7190230,0x00000000cc680000)
 Metaspace       used 79790K, capacity 90224K, committed 90356K, reserved 1126400K
  class space    used 10000K, capacity 13218K, committed 13300K, reserved 1048576K
}
Event: 166.174 GC heap before
{Heap before GC invocations=30 (full 5):
 PSYoungGen      total 273920K, used 255252K [0x00000000eab00000, 0x0000000100000000, 0x0000000100000000)
  eden space 237568K, 100% used [0x00000000eab00000,0x00000000f9300000,0x00000000f9300000)
  from space 36352K, 48% used [0x00000000fdc80000,0x00000000fedc5310,0x0000000100000000)
  to   space 55808K, 0% used [0x00000000f9300000,0x00000000f9300000,0x00000000fc980000)
 ParOldGen       total 203264K, used 116288K [0x00000000c0000000, 0x00000000cc680000, 0x00000000eab00000)
  object space 203264K, 57% used [0x00000000c0000000,0x00000000c7190230,0x00000000cc680000)
 Metaspace       used 79904K, capacity 90376K, committed 90612K, reserved 1126400K
  class space    used 10006K, capacity 13222K, committed 13300K, reserved 1048576K
Event: 166.223 GC heap after
Heap after GC invocations=30 (full 5):
 PSYoungGen      total 283648K, used 45693K [0x00000000eab00000, 0x0000000100000000, 0x0000000100000000)
  eden space 237568K, 0% used [0x00000000eab00000,0x00000000eab00000,0x00000000f9300000)
  from space 46080K, 99% used [0x00000000f9300000,0x00000000fbf9f4f0,0x00000000fc000000)
  to   space 61952K, 0% used [0x00000000fc380000,0x00000000fc380000,0x0000000100000000)
 ParOldGen       total 203264K, used 147571K [0x00000000c0000000, 0x00000000cc680000, 0x00000000eab00000)
  object space 203264K, 72% used [0x00000000c0000000,0x00000000c901cc70,0x00000000cc680000)
 Metaspace       used 79904K, capacity 90376K, committed 90612K, reserved 1126400K
  class space    used 10006K, capacity 13222K, committed 13300K, reserved 1048576K
}
Event: 180.396 GC heap before
{Heap before GC invocations=31 (full 5):
 PSYoungGen      total 283648K, used 282251K [0x00000000eab00000, 0x0000000100000000, 0x0000000100000000)
  eden space 237568K, 99% used [0x00000000eab00000,0x00000000f9203a30,0x00000000f9300000)
  from space 46080K, 99% used [0x00000000f9300000,0x00000000fbf9f4f0,0x00000000fc000000)
  to   space 61952K, 0% used [0x00000000fc380000,0x00000000fc380000,0x0000000100000000)
 ParOldGen       total 203264K, used 148720K [0x00000000c0000000, 0x00000000cc680000, 0x00000000eab00000)
  object space 203264K, 73% used [0x00000000c0000000,0x00000000c913c130,0x00000000cc680000)
 Metaspace       used 79977K, capacity 90376K, committed 90612K, reserved 1126400K
  class space    used 10006K, capacity 13222K, committed 13300K, reserved 1048576K
Event: 180.418 GC heap after
Heap after GC invocations=31 (full 5):
 PSYoungGen      total 291328K, used 21801K [0x00000000eab00000, 0x0000000100000000, 0x0000000100000000)
  eden space 229376K, 0% used [0x00000000eab00000,0x00000000eab00000,0x00000000f8b00000)
  from space 61952K, 35% used [0x00000000fc380000,0x00000000fd8ca428,0x0000000100000000)
  to   space 57856K, 0% used [0x00000000f8b00000,0x00000000f8b00000,0x00000000fc380000)
 ParOldGen       total 203264K, used 148728K [0x00000000c0000000, 0x00000000cc680000, 0x00000000eab00000)
  object space 203264K, 73% used [0x00000000c0000000,0x00000000c913e130,0x00000000cc680000)
 Metaspace       used 79977K, capacity 90376K, committed 90612K, reserved 1126400K
  class space    used 10006K, capacity 13222K, committed 13300K, reserved 1048576K
}

