# JRE version: Java(TM) SE Runtime Environment (8.0_91-b15) (build 1.8.0_91-b15)
# Java VM: Java HotSpot(TM) 64-Bit Server VM (25.91-b15 mixed mode windows-amd64 compressed oops)
Heap:
 PSYoungGen      total 291328K, used 228008K [0x00000000eab00000, 0x0000000100000000, 0x0000000100000000)
  eden space 249856K, 75% used [0x00000000eab00000,0x00000000f63233e8,0x00000000f9f00000)
  from space 41472K, 95% used [0x00000000fd780000,0x00000000ffe06f90,0x0000000100000000)
  to   space 49664K, 0% used [0x00000000f9f00000,0x00000000f9f00000,0x00000000fcf80000)
 ParOldGen       total 104448K, used 77897K [0x00000000c0000000, 0x00000000c6600000, 0x00000000eab00000)
  object space 104448K, 74% used [0x00000000c0000000,0x00000000c4c125b0,0x00000000c6600000)
 Metaspace       used 83578K, capacity 94244K, committed 94528K, reserved 1130496K
  class space    used 10383K, capacity 13657K, committed 13696K, reserved 1048576K
GC Heap History (10 events):
Event: 14.996 GC heap before
{Heap before GC invocations=24 (full 4):
 PSYoungGen      total 262144K, used 256139K [0x00000000eab00000, 0x00000000fdb80000, 0x0000000100000000)
  eden space 242176K, 100% used [0x00000000eab00000,0x00000000f9780000,0x00000000f9780000)
  from space 19968K, 69% used [0x00000000f9780000,0x00000000fa522f88,0x00000000fab00000)
  to   space 20992K, 0% used [0x00000000fc700000,0x00000000fc700000,0x00000000fdb80000)
 ParOldGen       total 104448K, used 52164K [0x00000000c0000000, 0x00000000c6600000, 0x00000000eab00000)
  object space 104448K, 49% used [0x00000000c0000000,0x00000000c32f1380,0x00000000c6600000)
 Metaspace       used 68371K, capacity 77870K, committed 77888K, reserved 1116160K
  class space    used 8624K, capacity 11631K, committed 11648K, reserved 1048576K
Event: 15.022 GC heap after
Heap after GC invocations=24 (full 4):
 PSYoungGen      total 287744K, used 19173K [0x00000000eab00000, 0x00000000fe500000, 0x0000000100000000)
  eden space 266752K, 0% used [0x00000000eab00000,0x00000000eab00000,0x00000000faf80000)
  from space 20992K, 91% used [0x00000000fc700000,0x00000000fd9b97c8,0x00000000fdb80000)
  to   space 24064K, 0% used [0x00000000faf80000,0x00000000faf80000,0x00000000fc700000)
 ParOldGen       total 104448K, used 52172K [0x00000000c0000000, 0x00000000c6600000, 0x00000000eab00000)
  object space 104448K, 49% used [0x00000000c0000000,0x00000000c32f3380,0x00000000c6600000)
 Metaspace       used 68371K, capacity 77870K, committed 77888K, reserved 1116160K
  class space    used 8624K, capacity 11631K, committed 11648K, reserved 1048576K
}
Event: 15.780 GC heap before
{Heap before GC invocations=25 (full 4):
 PSYoungGen      total 287744K, used 285925K [0x00000000eab00000, 0x00000000fe500000, 0x0000000100000000)
  eden space 266752K, 100% used [0x00000000eab00000,0x00000000faf80000,0x00000000faf80000)
  from space 20992K, 91% used [0x00000000fc700000,0x00000000fd9b97c8,0x00000000fdb80000)
  to   space 24064K, 0% used [0x00000000faf80000,0x00000000faf80000,0x00000000fc700000)
 ParOldGen       total 104448K, used 52172K [0x00000000c0000000, 0x00000000c6600000, 0x00000000eab00000)
  object space 104448K, 49% used [0x00000000c0000000,0x00000000c32f3380,0x00000000c6600000)
 Metaspace       used 71698K, capacity 81408K, committed 81472K, reserved 1118208K
  class space    used 9073K, capacity 12156K, committed 12160K, reserved 1048576K
Event: 15.808 GC heap after
Heap after GC invocations=25 (full 4):
 PSYoungGen      total 290816K, used 24055K [0x00000000eab00000, 0x0000000100000000, 0x0000000100000000)
  eden space 266752K, 0% used [0x00000000eab00000,0x00000000eab00000,0x00000000faf80000)
  from space 24064K, 99% used [0x00000000faf80000,0x00000000fc6fdc68,0x00000000fc700000)
  to   space 29184K, 0% used [0x00000000fe380000,0x00000000fe380000,0x0000000100000000)
 ParOldGen       total 104448K, used 54705K [0x00000000c0000000, 0x00000000c6600000, 0x00000000eab00000)
  object space 104448K, 52% used [0x00000000c0000000,0x00000000c356c5b0,0x00000000c6600000)
 Metaspace       used 71698K, capacity 81408K, committed 81472K, reserved 1118208K
  class space    used 9073K, capacity 12156K, committed 12160K, reserved 1048576K
}
Event: 16.665 GC heap before
{Heap before GC invocations=26 (full 4):
 PSYoungGen      total 290816K, used 290807K [0x00000000eab00000, 0x0000000100000000, 0x0000000100000000)
  eden space 266752K, 100% used [0x00000000eab00000,0x00000000faf80000,0x00000000faf80000)
  from space 24064K, 99% used [0x00000000faf80000,0x00000000fc6fdc68,0x00000000fc700000)
  to   space 29184K, 0% used [0x00000000fe380000,0x00000000fe380000,0x0000000100000000)
 ParOldGen       total 104448K, used 54705K [0x00000000c0000000, 0x00000000c6600000, 0x00000000eab00000)
  object space 104448K, 52% used [0x00000000c0000000,0x00000000c356c5b0,0x00000000c6600000)
 Metaspace       used 75434K, capacity 85466K, committed 85696K, reserved 1122304K
  class space    used 9522K, capacity 12675K, committed 12800K, reserved 1048576K
Event: 16.703 GC heap after
Heap after GC invocations=26 (full 4):
 PSYoungGen      total 301568K, used 29169K [0x00000000eab00000, 0x0000000100000000, 0x0000000100000000)
  eden space 272384K, 0% used [0x00000000eab00000,0x00000000eab00000,0x00000000fb500000)
  from space 29184K, 99% used [0x00000000fe380000,0x00000000ffffc598,0x0000000100000000)
  to   space 38400K, 0% used [0x00000000fb500000,0x00000000fb500000,0x00000000fda80000)
 ParOldGen       total 104448K, used 66264K [0x00000000c0000000, 0x00000000c6600000, 0x00000000eab00000)
  object space 104448K, 63% used [0x00000000c0000000,0x00000000c40b6198,0x00000000c6600000)
 Metaspace       used 75434K, capacity 85466K, committed 85696K, reserved 1122304K
  class space    used 9522K, capacity 12675K, committed 12800K, reserved 1048576K
}
Event: 61.239 GC heap before
{Heap before GC invocations=27 (full 4):
 PSYoungGen      total 301568K, used 301402K [0x00000000eab00000, 0x0000000100000000, 0x0000000100000000)
  eden space 272384K, 99% used [0x00000000eab00000,0x00000000fb4da2f0,0x00000000fb500000)
  from space 29184K, 99% used [0x00000000fe380000,0x00000000ffffc598,0x0000000100000000)
  to   space 38400K, 0% used [0x00000000fb500000,0x00000000fb500000,0x00000000fda80000)
 ParOldGen       total 104448K, used 66264K [0x00000000c0000000, 0x00000000c6600000, 0x00000000eab00000)
  object space 104448K, 63% used [0x00000000c0000000,0x00000000c40b6198,0x00000000c6600000)
 Metaspace       used 80362K, capacity 91008K, committed 91200K, reserved 1126400K
  class space    used 10094K, capacity 13384K, committed 13440K, reserved 1048576K
Event: 61.273 GC heap after
Heap after GC invocations=27 (full 4):
 PSYoungGen      total 307712K, used 35104K [0x00000000eab00000, 0x0000000100000000, 0x0000000100000000)
  eden space 272384K, 0% used [0x00000000eab00000,0x00000000eab00000,0x00000000fb500000)
  from space 35328K, 99% used [0x00000000fb500000,0x00000000fd748390,0x00000000fd780000)
  to   space 41472K, 0% used [0x00000000fd780000,0x00000000fd780000,0x0000000100000000)
 ParOldGen       total 104448K, used 77889K [0x00000000c0000000, 0x00000000c6600000, 0x00000000eab00000)
  object space 104448K, 74% used [0x00000000c0000000,0x00000000c4c105b0,0x00000000c6600000)
 Metaspace       used 80362K, capacity 91008K, committed 91200K, reserved 1126400K
  class space    used 10094K, capacity 13384K, committed 13440K, reserved 1048576K
}
Event: 80.611 GC heap before
{Heap before GC invocations=28 (full 4):
 PSYoungGen      total 307712K, used 307488K [0x00000000eab00000, 0x0000000100000000, 0x0000000100000000)
  eden space 272384K, 100% used [0x00000000eab00000,0x00000000fb500000,0x00000000fb500000)
  from space 35328K, 99% used [0x00000000fb500000,0x00000000fd748390,0x00000000fd780000)
  to   space 41472K, 0% used [0x00000000fd780000,0x00000000fd780000,0x0000000100000000)
 ParOldGen       total 104448K, used 77889K [0x00000000c0000000, 0x00000000c6600000, 0x00000000eab00000)
  object space 104448K, 74% used [0x00000000c0000000,0x00000000c4c105b0,0x00000000c6600000)
 Metaspace       used 83537K, capacity 94110K, committed 94272K, reserved 1130496K
  class space    used 10382K, capacity 13656K, committed 13696K, reserved 1048576K
Event: 80.636 GC heap after
Heap after GC invocations=28 (full 4):
 PSYoungGen      total 291328K, used 39451K [0x00000000eab00000, 0x0000000100000000, 0x0000000100000000)
  eden space 249856K, 0% used [0x00000000eab00000,0x00000000eab00000,0x00000000f9f00000)
  from space 41472K, 95% used [0x00000000fd780000,0x00000000ffe06f90,0x0000000100000000)
  to   space 49664K, 0% used [0x00000000f9f00000,0x00000000f9f00000,0x00000000fcf80000)
 ParOldGen       total 104448K, used 77897K [0x00000000c0000000, 0x00000000c6600000, 0x00000000eab00000)
  object space 104448K, 74% used [0x00000000c0000000,0x00000000c4c125b0,0x00000000c6600000)
 Metaspace       used 83537K, capacity 94110K, committed 94272K, reserved 1130496K
  class space    used 10382K, capacity 13656K, committed 13696K, reserved 1048576K
}

